#! /usr/bin/vvp
:ivl_version "10.1 (stable)";
:ivl_delay_selection "TYPICAL";
:vpi_time_precision - 9;
:vpi_module "system";
:vpi_module "vhdl_sys";
:vpi_module "v2005_math";
:vpi_module "va_math";
S_0x7fffc0b70510 .scope module, "ALU_tb" "ALU_tb" 2 4;
 .timescale 0 -9;
v0x7fffc0b91140_0 .var "A", 31 0;
v0x7fffc0b91220_0 .var "B", 31 0;
v0x7fffc0b912f0_0 .var "Opin", 3 0;
v0x7fffc0b913f0_0 .var "clk", 0 0;
v0x7fffc0b914c0_0 .var "reset", 0 0;
v0x7fffc0b915b0_0 .net "result", 31 0, v0x7fffc0b90ec0_0;  1 drivers
v0x7fffc0b91680_0 .net "zero", 0 0, v0x7fffc0b90fa0_0;  1 drivers
S_0x7fffc0b70690 .scope module, "dut" "ALU" 2 13, 3 5 0, S_0x7fffc0b70510;
 .timescale 0 -9;
    .port_info 0 /INPUT 1 "clk"
    .port_info 1 /INPUT 1 "reset"
    .port_info 2 /INPUT 32 "A"
    .port_info 3 /INPUT 32 "B"
    .port_info 4 /INPUT 4 "Opin"
    .port_info 5 /OUTPUT 32 "result"
    .port_info 6 /OUTPUT 1 "zero"
P_0x7fffc0b2ae40 .param/l "AND" 0 3 25, +C4<00000000000000000000000001100100>;
P_0x7fffc0b2ae80 .param/l "NOR" 0 3 27, +C4<00000000000000000000000001101111>;
P_0x7fffc0b2aec0 .param/l "OR" 0 3 26, +C4<00000000000000000000000001100101>;
P_0x7fffc0b2af00 .param/l "XOR" 0 3 28, +C4<00000000000000000000000001101110>;
P_0x7fffc0b2af40 .param/l "add" 0 3 32, +C4<00000000000000000000000000000000>;
P_0x7fffc0b2af80 .param/l "slt" 0 3 34, +C4<00000000000000000000001111110010>;
P_0x7fffc0b2afc0 .param/l "sub" 0 3 33, +C4<00000000000000000000000000001010>;
P_0x7fffc0b2b000 .param/l "zeronum" 0 3 37, C4<00000000000000000000000000000000>;
v0x7fffc0b70b40_0 .net "A", 31 0, v0x7fffc0b91140_0;  1 drivers
v0x7fffc0b90a40_0 .net "B", 31 0, v0x7fffc0b91220_0;  1 drivers
v0x7fffc0b90b20_0 .var "Opcode", 3 0;
v0x7fffc0b90c10_0 .net "Opin", 3 0, v0x7fffc0b912f0_0;  1 drivers
v0x7fffc0b90cf0_0 .net "clk", 0 0, v0x7fffc0b913f0_0;  1 drivers
v0x7fffc0b90e00_0 .net "reset", 0 0, v0x7fffc0b914c0_0;  1 drivers
v0x7fffc0b90ec0_0 .var "result", 31 0;
v0x7fffc0b90fa0_0 .var "zero", 0 0;
E_0x7fffc0b63200 .event posedge, v0x7fffc0b90cf0_0;
    .scope S_0x7fffc0b70690;
T_0 ;
    %wait E_0x7fffc0b63200;
    %load/vec4 v0x7fffc0b90c10_0;
    %assign/vec4 v0x7fffc0b90b20_0, 0;
    %load/vec4 v0x7fffc0b90b20_0;
    %pad/u 10;
    %dup/vec4;
    %pushi/vec4 100, 0, 10;
    %cmp/u;
    %jmp/1 T_0.0, 6;
    %dup/vec4;
    %pushi/vec4 101, 0, 10;
    %cmp/u;
    %jmp/1 T_0.1, 6;
    %dup/vec4;
    %pushi/vec4 111, 0, 10;
    %cmp/u;
    %jmp/1 T_0.2, 6;
    %dup/vec4;
    %pushi/vec4 110, 0, 10;
    %cmp/u;
    %jmp/1 T_0.3, 6;
    %dup/vec4;
    %pushi/vec4 0, 0, 10;
    %cmp/u;
    %jmp/1 T_0.4, 6;
    %dup/vec4;
    %pushi/vec4 10, 0, 10;
    %cmp/u;
    %jmp/1 T_0.5, 6;
    %dup/vec4;
    %pushi/vec4 1010, 0, 10;
    %cmp/u;
    %jmp/1 T_0.6, 6;
    %pushi/vec4 0, 0, 32;
    %assign/vec4 v0x7fffc0b90ec0_0, 0;
    %jmp T_0.8;
T_0.0 ;
    %load/vec4 v0x7fffc0b70b40_0;
    %load/vec4 v0x7fffc0b90a40_0;
    %and;
    %assign/vec4 v0x7fffc0b90ec0_0, 0;
    %jmp T_0.8;
T_0.1 ;
    %load/vec4 v0x7fffc0b70b40_0;
    %load/vec4 v0x7fffc0b90a40_0;
    %or;
    %assign/vec4 v0x7fffc0b90ec0_0, 0;
    %jmp T_0.8;
T_0.2 ;
    %load/vec4 v0x7fffc0b70b40_0;
    %load/vec4 v0x7fffc0b90a40_0;
    %nor;
    %assign/vec4 v0x7fffc0b90ec0_0, 0;
    %jmp T_0.8;
T_0.3 ;
    %load/vec4 v0x7fffc0b70b40_0;
    %load/vec4 v0x7fffc0b90a40_0;
    %xor;
    %assign/vec4 v0x7fffc0b90ec0_0, 0;
    %jmp T_0.8;
T_0.4 ;
    %load/vec4 v0x7fffc0b70b40_0;
    %load/vec4 v0x7fffc0b90a40_0;
    %add;
    %assign/vec4 v0x7fffc0b90ec0_0, 0;
    %jmp T_0.8;
T_0.5 ;
    %load/vec4 v0x7fffc0b70b40_0;
    %load/vec4 v0x7fffc0b90a40_0;
    %sub;
    %assign/vec4 v0x7fffc0b90ec0_0, 0;
    %jmp T_0.8;
T_0.6 ;
    %load/vec4 v0x7fffc0b70b40_0;
    %load/vec4 v0x7fffc0b90a40_0;
    %cmp/u;
    %jmp/0xz  T_0.9, 5;
    %pushi/vec4 1, 0, 32;
    %store/vec4 v0x7fffc0b90ec0_0, 0, 32;
    %jmp T_0.10;
T_0.9 ;
    %pushi/vec4 0, 0, 32;
    %assign/vec4 v0x7fffc0b90ec0_0, 0;
T_0.10 ;
    %jmp T_0.8;
T_0.8 ;
    %pop/vec4 1;
    %load/vec4 v0x7fffc0b90ec0_0;
    %cmpi/u 0, 0, 32;
    %flag_or 5, 4;
    %jmp/0xz  T_0.11, 5;
    %pushi/vec4 1, 0, 1;
    %store/vec4 v0x7fffc0b90fa0_0, 0, 1;
    %jmp T_0.12;
T_0.11 ;
    %pushi/vec4 0, 0, 1;
    %store/vec4 v0x7fffc0b90fa0_0, 0, 1;
T_0.12 ;
    %jmp T_0;
    .thread T_0;
    .scope S_0x7fffc0b70510;
T_1 ;
    %vpi_call 2 16 "$dumpfile", "ALU.vcd" {0 0 0};
    %vpi_call 2 17 "$dumpvars", 32'sb00000000000000000000000000000000, S_0x7fffc0b70510 {0 0 0};
    %pushi/vec4 0, 0, 1;
    %store/vec4 v0x7fffc0b913f0_0, 0, 1;
T_1.0 ;
    %delay 500000000, 0;
    %load/vec4 v0x7fffc0b913f0_0;
    %inv;
    %store/vec4 v0x7fffc0b913f0_0, 0, 1;
    %jmp T_1.0;
    %end;
    .thread T_1;
    .scope S_0x7fffc0b70510;
T_2 ;
    %pushi/vec4 27, 0, 32;
    %store/vec4 v0x7fffc0b91140_0, 0, 32;
    %pushi/vec4 46, 0, 32;
    %store/vec4 v0x7fffc0b91220_0, 0, 32;
    %end;
    .thread T_2;
    .scope S_0x7fffc0b70510;
T_3 ;
    %pushi/vec4 0, 0, 4;
    %store/vec4 v0x7fffc0b912f0_0, 0, 4;
    %delay 2000000000, 0;
    %pushi/vec4 4, 0, 4;
    %store/vec4 v0x7fffc0b912f0_0, 0, 4;
    %delay 2000000000, 0;
    %pushi/vec4 7, 0, 4;
    %store/vec4 v0x7fffc0b912f0_0, 0, 4;
    %delay 2000000000, 0;
    %pushi/vec4 2, 0, 4;
    %store/vec4 v0x7fffc0b912f0_0, 0, 4;
    %delay 2000000000, 0;
    %pushi/vec4 10, 0, 4;
    %store/vec4 v0x7fffc0b912f0_0, 0, 4;
    %delay 2000000000, 0;
    %vpi_call 2 31 "$finish" {0 0 0};
    %end;
    .thread T_3;
# The file index is used to find the file name in the following table.
:file_names 4;
    "N/A";
    "<interactive>";
    "ALU_tb.v";
    "./ALU.v";
